# JRE version: OpenJDK Runtime Environment Homebrew (16.0.1) (build 16.0.1+0)
# Java VM: OpenJDK 64-Bit Server VM Homebrew (16.0.1+0, mixed mode, sharing, tiered, compressed oops, compressed class ptrs, g1 gc, bsd-amd64)
GC Precious Log:
 CPUs: 12 total, 12 available
 Memory: 16384M
 Large Page Support: Disabled
 NUMA Support: Disabled
 Compressed Oops: Enabled (Zero based)
 Heap Region Size: 2M
 Heap Min Capacity: 8M
 Heap Initial Capacity: 256M
 Heap Max Capacity: 4G
 Pre-touch: Disabled
 Parallel Workers: 10
 Concurrent Workers: 3
 Concurrent Refinement Workers: 10
 Periodic GC: Disabled
Heap:
 garbage-first heap   total 339968K, used 121218K [0x0000000700000000, 0x0000000800000000)
  region size 2048K, 3 young (6144K), 2 survivors (4096K)
 Metaspace       used 35591K, committed 36032K, reserved 1089536K
  class space    used 3734K, committed 3904K, reserved 1048576K
GC Heap History (20 events):
Event: 3.548 GC heap before
{Heap before GC invocations=10 (full 0):
 garbage-first heap   total 176128K, used 126550K [0x0000000700000000, 0x0000000800000000)
  region size 2048K, 38 young (77824K), 3 survivors (6144K)
 Metaspace       used 27311K, committed 27648K, reserved 1081344K
  class space    used 2938K, committed 3072K, reserved 1048576K
}
Event: 3.552 GC heap after
{Heap after GC invocations=11 (full 0):
 garbage-first heap   total 176128K, used 56405K [0x0000000700000000, 0x0000000800000000)
  region size 2048K, 2 young (4096K), 2 survivors (4096K)
 Metaspace       used 27311K, committed 27648K, reserved 1081344K
  class space    used 2938K, committed 3072K, reserved 1048576K
}
Event: 3.852 GC heap before
{Heap before GC invocations=11 (full 0):
 garbage-first heap   total 176128K, used 130133K [0x0000000700000000, 0x0000000800000000)
  region size 2048K, 38 young (77824K), 2 survivors (4096K)
 Metaspace       used 28467K, committed 28800K, reserved 1081344K
  class space    used 3040K, committed 3200K, reserved 1048576K
}
Event: 3.857 GC heap after
{Heap after GC invocations=12 (full 0):
 garbage-first heap   total 233472K, used 57949K [0x0000000700000000, 0x0000000800000000)
  region size 2048K, 3 young (6144K), 3 survivors (6144K)
 Metaspace       used 28467K, committed 28800K, reserved 1081344K
  class space    used 3040K, committed 3200K, reserved 1048576K
}
Event: 4.270 GC heap before
{Heap before GC invocations=12 (full 0):
 garbage-first heap   total 233472K, used 129629K [0x0000000700000000, 0x0000000800000000)
  region size 2048K, 19 young (38912K), 3 survivors (6144K)
 Metaspace       used 29853K, committed 30144K, reserved 1081344K
  class space    used 3146K, committed 3264K, reserved 1048576K
}
Event: 4.278 GC heap after
{Heap after GC invocations=13 (full 0):
 garbage-first heap   total 233472K, used 91857K [0x0000000700000000, 0x0000000800000000)
  region size 2048K, 3 young (6144K), 3 survivors (6144K)
 Metaspace       used 29853K, committed 30144K, reserved 1081344K
  class space    used 3146K, committed 3264K, reserved 1048576K
}
Event: 4.447 GC heap before
{Heap before GC invocations=13 (full 0):
 garbage-first heap   total 233472K, used 190161K [0x0000000700000000, 0x0000000800000000)
  region size 2048K, 48 young (98304K), 3 survivors (6144K)
 Metaspace       used 29971K, committed 30336K, reserved 1081344K
  class space    used 3148K, committed 3328K, reserved 1048576K
}
Event: 4.454 GC heap after
{Heap after GC invocations=14 (full 0):
 garbage-first heap   total 233472K, used 70414K [0x0000000700000000, 0x0000000800000000)
  region size 2048K, 6 young (12288K), 6 survivors (12288K)
 Metaspace       used 29971K, committed 30336K, reserved 1081344K
  class space    used 3148K, committed 3328K, reserved 1048576K
}
Event: 4.697 GC heap before
{Heap before GC invocations=14 (full 0):
 garbage-first heap   total 233472K, used 172814K [0x0000000700000000, 0x0000000800000000)
  region size 2048K, 57 young (116736K), 6 survivors (12288K)
 Metaspace       used 30797K, committed 31168K, reserved 1081344K
  class space    used 3242K, committed 3392K, reserved 1048576K
}
Event: 4.704 GC heap after
{Heap after GC invocations=15 (full 0):
 garbage-first heap   total 233472K, used 83350K [0x0000000700000000, 0x0000000800000000)
  region size 2048K, 8 young (16384K), 8 survivors (16384K)
 Metaspace       used 30797K, committed 31168K, reserved 1081344K
  class space    used 3242K, committed 3392K, reserved 1048576K
}
Event: 4.899 GC heap before
{Heap before GC invocations=15 (full 0):
 garbage-first heap   total 233472K, used 171414K [0x0000000700000000, 0x0000000800000000)
  region size 2048K, 52 young (106496K), 8 survivors (16384K)
 Metaspace       used 31762K, committed 32128K, reserved 1081344K
  class space    used 3336K, committed 3520K, reserved 1048576K
}
Event: 4.905 GC heap after
{Heap after GC invocations=16 (full 0):
 garbage-first heap   total 282624K, used 86935K [0x0000000700000000, 0x0000000800000000)
  region size 2048K, 2 young (4096K), 2 survivors (4096K)
 Metaspace       used 31762K, committed 32128K, reserved 1081344K
  class space    used 3336K, committed 3520K, reserved 1048576K
}
Event: 5.155 GC heap before
{Heap before GC invocations=16 (full 0):
 garbage-first heap   total 282624K, used 215959K [0x0000000700000000, 0x0000000800000000)
  region size 2048K, 65 young (133120K), 2 survivors (4096K)
 Metaspace       used 31899K, committed 32256K, reserved 1081344K
  class space    used 3337K, committed 3520K, reserved 1048576K
}
Event: 5.159 GC heap after
{Heap after GC invocations=17 (full 0):
 garbage-first heap   total 282624K, used 88325K [0x0000000700000000, 0x0000000800000000)
  region size 2048K, 2 young (4096K), 2 survivors (4096K)
 Metaspace       used 31899K, committed 32256K, reserved 1081344K
  class space    used 3337K, committed 3520K, reserved 1048576K
}
Event: 5.656 GC heap before
{Heap before GC invocations=17 (full 0):
 garbage-first heap   total 282624K, used 221445K [0x0000000700000000, 0x0000000800000000)
  region size 2048K, 68 young (139264K), 2 survivors (4096K)
 Metaspace       used 32315K, committed 32704K, reserved 1081344K
  class space    used 3347K, committed 3520K, reserved 1048576K
}
Event: 5.662 GC heap after
{Heap after GC invocations=18 (full 0):
 garbage-first heap   total 282624K, used 98138K [0x0000000700000000, 0x0000000800000000)
  region size 2048K, 7 young (14336K), 7 survivors (14336K)
 Metaspace       used 32315K, committed 32704K, reserved 1081344K
  class space    used 3347K, committed 3520K, reserved 1048576K
}
Event: 5.904 GC heap before
{Heap before GC invocations=18 (full 0):
 garbage-first heap   total 282624K, used 216922K [0x0000000700000000, 0x0000000800000000)
  region size 2048K, 66 young (135168K), 7 survivors (14336K)
 Metaspace       used 33461K, committed 33856K, reserved 1081344K
  class space    used 3478K, committed 3648K, reserved 1048576K
}
Event: 5.911 GC heap after
{Heap after GC invocations=19 (full 0):
 garbage-first heap   total 282624K, used 117256K [0x0000000700000000, 0x0000000800000000)
  region size 2048K, 9 young (18432K), 9 survivors (18432K)
 Metaspace       used 33461K, committed 33856K, reserved 1081344K
  class space    used 3478K, committed 3648K, reserved 1048576K
}
Event: 6.197 GC heap before
{Heap before GC invocations=19 (full 0):
 garbage-first heap   total 282624K, used 158216K [0x0000000700000000, 0x0000000800000000)
  region size 2048K, 30 young (61440K), 9 survivors (18432K)
 Metaspace       used 35431K, committed 35776K, reserved 1081344K
  class space    used 3725K, committed 3904K, reserved 1048576K
}
Event: 6.202 GC heap after
{Heap after GC invocations=20 (full 0):
 garbage-first heap   total 339968K, used 121218K [0x0000000700000000, 0x0000000800000000)
  region size 2048K, 2 young (4096K), 2 survivors (4096K)
 Metaspace       used 35431K, committed 35776K, reserved 1081344K
  class space    used 3725K, committed 3904K, reserved 1048576K
}

